<?xml version="1.0" encoding="UTF-8"?>
<testng-results ignored="0" total="1" passed="1" failed="0" skipped="0">
  <reporter-output>
  </reporter-output>
  <suite started-at="2023-09-29T09:11:11 PDT" name="Default suite" finished-at="2023-09-29T09:11:37 PDT" duration-ms="26497">
    <groups>
    </groups>
    <test started-at="2023-09-29T09:11:11 PDT" name="Default test" finished-at="2023-09-29T09:11:37 PDT" duration-ms="26497">
      <class name="org.test.googlefinance.GOOGLPrevClose">
        <test-method is-config="true" signature="setUp()[pri:0, instance:org.test.googlefinance.GOOGLPrevClose@53fe15ff]" started-at="2023-09-29T09:11:11 PDT" name="setUp" finished-at="2023-09-29T09:11:14 PDT" duration-ms="3405" status="PASS">
          <reporter-output>
          </reporter-output>
        </test-method> <!-- setUp -->
        <test-method signature="prevClosingPrice()[pri:0, instance:org.test.googlefinance.GOOGLPrevClose@53fe15ff]" started-at="2023-09-29T09:11:14 PDT" name="prevClosingPrice" finished-at="2023-09-29T09:11:37 PDT" duration-ms="22867" status="PASS">
          <reporter-output>
          </reporter-output>
        </test-method> <!-- prevClosingPrice -->
        <test-method is-config="true" signature="tearDown()[pri:0, instance:org.test.googlefinance.GOOGLPrevClose@53fe15ff]" started-at="2023-09-29T09:11:37 PDT" name="tearDown" finished-at="2023-09-29T09:11:37 PDT" duration-ms="191" status="PASS">
          <reporter-output>
          </reporter-output>
        </test-method> <!-- tearDown -->
      </class> <!-- org.test.googlefinance.GOOGLPrevClose -->
    </test> <!-- Default test -->
  </suite> <!-- Default suite -->
</testng-results>
